EM-Pipeline(RLE,RLE)
19920103
n_pos_lookups: 6269
n_tuples: 6269

real	0m0.039s
user	0m0.012s
sys	0m0.009s
19930101
n_pos_lookups: 76285466
n_tuples: 76285466

real	2m33.417s
user	1m43.419s
sys	0m49.851s
19940101
n_pos_lookups: 167308139
n_tuples: 167308139

real	5m55.012s
user	3m47.561s
sys	2m7.161s
19950101
n_pos_lookups: 258338240
n_tuples: 258338240

real	8m39.347s
user	5m50.980s
sys	2m47.908s
19960101
n_pos_lookups: 349365492
n_tuples: 349365492

real	11m44.938s
user	7m56.465s
sys	3m47.702s
19970101
n_pos_lookups: 440638729
n_tuples: 440638729

real	14m58.831s
user	10m8.825s
sys	4m49.176s
19981231
n_pos_lookups: 600037902
n_tuples: 600037902

real	20m12.164s
user	13m38.939s
sys	6m32.193s
EM-Parallel(RLE,RLE)
19920103
n_pos_lookups: 0
n_tuples: 6269

real	0m16.405s
user	0m16.311s
sys	0m0.018s
19930101
n_pos_lookups: 0
n_tuples: 76285466

real	0m16.400s
user	0m16.334s
sys	0m0.026s
19940101
n_pos_lookups: 0
n_tuples: 167308139

real	0m16.432s
user	0m16.391s
sys	0m0.013s
19950101
n_pos_lookups: 0
n_tuples: 258338240

real	0m16.527s
user	0m16.479s
sys	0m0.016s
19960101
n_pos_lookups: 0
n_tuples: 349365492

real	0m16.711s
user	0m16.655s
sys	0m0.015s
19970101
n_pos_lookups: 0
n_tuples: 440638729

real	0m16.725s
user	0m16.665s
sys	0m0.022s
19981231
n_pos_lookups: 0
n_tuples: 600037902

real	0m16.997s
user	0m16.938s
sys	0m0.025s
EM-Pipeline(RLE,NOCOMP)
19920103
n_pos_lookups: 6269
n_tuples: 6269

real	0m0.050s
user	0m0.002s
sys	0m0.010s
19930101
n_pos_lookups: 76285466
n_tuples: 76285466

real	0m52.005s
user	0m13.954s
sys	0m37.975s
19940101
n_pos_lookups: 167308139
n_tuples: 167308139

real	1m56.217s
user	0m31.031s
sys	1m25.048s
19950101
n_pos_lookups: 258338240
n_tuples: 258338240

real	2m55.345s
user	0m47.894s
sys	2m7.276s
19960101
n_pos_lookups: 349365492
n_tuples: 349365492

real	3m59.004s
user	1m4.785s
sys	2m53.986s
19970101
n_pos_lookups: 440638729
n_tuples: 440638729

real	5m0.452s
user	1m21.361s
sys	3m38.823s
19981231
n_pos_lookups: 600037902
n_tuples: 600037902

real	6m46.097s
user	1m50.013s
sys	4m55.728s
EM-Parallel(RLE,NOCOMP)
19920103
n_pos_lookups: 0
n_tuples: 6269

real	6m55.133s
user	1m56.523s
sys	4m58.245s
19930101
n_pos_lookups: 0
n_tuples: 76285466

real	6m52.239s
user	1m56.456s
sys	4m55.402s
19940101
n_pos_lookups: 0
n_tuples: 167308139

real	7m21.933s
user	1m56.624s
sys	5m24.965s
19950101
n_pos_lookups: 0
n_tuples: 258338240

real	6m57.614s
user	1m56.475s
sys	5m0.801s
19960101
n_pos_lookups: 0
n_tuples: 349365492

real	6m44.393s
user	1m56.632s
sys	4m47.444s
19970101
n_pos_lookups: 0
n_tuples: 440638729

real	6m49.894s
user	1m56.519s
sys	4m53.019s
19981231
n_pos_lookups: 0
n_tuples: 600037902

real	6m47.347s
user	1m57.004s
sys	4m50.014s
LM-Pipeline(RLE,RLE)
19920103
n_pos_lookups: 0
n_tuples: 6269

real	0m0.062s
user	0m0.004s
sys	0m0.005s
19930101
n_pos_lookups: 0
n_tuples: 76285466

real	0m0.530s
user	0m0.486s
sys	0m0.017s
19940101
n_pos_lookups: 0
n_tuples: 167308139

real	0m1.148s
user	0m1.062s
sys	0m0.026s
19950101
n_pos_lookups: 0
n_tuples: 258338240

real	0m1.701s
user	0m1.618s
sys	0m0.042s
19960101
n_pos_lookups: 0
n_tuples: 349365492

real	0m2.274s
user	0m2.198s
sys	0m0.051s
19970101
n_pos_lookups: 0
n_tuples: 440638729

real	0m2.845s
user	0m2.765s
sys	0m0.055s
19981231
n_pos_lookups: 0
n_tuples: 600037902

real	0m3.813s
user	0m3.688s
sys	0m0.078s
LM-Parallel(RLE,RLE)
19920103
n_pos_lookups: 0
n_tuples: 6269

real	0m0.172s
user	0m0.086s
sys	0m0.035s
19930101
n_pos_lookups: 0
n_tuples: 76285466

real	0m0.569s
user	0m0.489s
sys	0m0.057s
19940101
n_pos_lookups: 0
n_tuples: 167308139

real	0m1.071s
user	0m0.998s
sys	0m0.049s
19950101
n_pos_lookups: 0
n_tuples: 258338240

real	0m1.579s
user	0m1.483s
sys	0m0.061s
19960101
n_pos_lookups: 0
n_tuples: 349365492

real	0m2.066s
user	0m1.973s
sys	0m0.068s
19970101
n_pos_lookups: 0
n_tuples: 440638729

real	0m2.562s
user	0m2.460s
sys	0m0.067s
19981231
n_pos_lookups: 0
n_tuples: 600037902

real	0m3.407s
user	0m3.326s
sys	0m0.062s
LM-Pipeline(RLE,NOCOMP)
19920103
n_pos_lookups: 0
n_tuples: 6269

real	0m0.060s
user	0m0.014s
sys	0m0.015s
19930101
n_pos_lookups: 0
n_tuples: 76285466

real	4m7.987s
user	2m0.710s
sys	2m7.053s
19940101
n_pos_lookups: 0
n_tuples: 167308139

real	9m0.820s
user	4m24.143s
sys	4m36.251s
19950101
n_pos_lookups: 0
n_tuples: 258338240

real	14m55.898s
user	7m22.827s
sys	7m31.581s
19960101
n_pos_lookups: 0
n_tuples: 349365492

real	20m41.383s
user	10m17.740s
sys	10m22.527s
19970101
n_pos_lookups: 0
n_tuples: 440638729

real	23m51.082s
user	11m46.385s
sys	12m3.477s
19981231
n_pos_lookups: 0
n_tuples: 600037902

real	32m25.952s
user	15m52.893s
sys	16m31.370s
LM-Parallel(RLE,NOCOMP)
19920103
n_pos_lookups: 0
n_tuples: 6265

real	5m7.419s
user	1m24.188s
sys	3m42.915s
19930101
n_pos_lookups: 0
n_tuples: 76284734

real	6m54.034s
user	1m47.923s
sys	5m5.753s
19940101
n_pos_lookups: 0
n_tuples: 167306677

real	8m16.467s
user	2m16.664s
sys	5m59.368s
19950101
n_pos_lookups: 0
n_tuples: 258336048

real	9m39.576s
user	2m45.792s
sys	6m53.273s
19960101
n_pos_lookups: 0
n_tuples: 349362740

real	10m58.963s
user	3m5.426s
sys	7m52.971s
19970101
n_pos_lookups: 0
n_tuples: 440635611

real	12m13.113s
user	3m29.297s
sys	8m43.165s
19981231
n_pos_lookups: 0
n_tuples: 600034085

real	14m33.104s
user	4m4.046s
sys	10m28.196s

EM-Pipeline(RLE,RLE) - optimized
19920103
n_pos_lookups: 0
n_tuples: 6269

real	0m0.040s
user	0m0.004s
sys	0m0.005s
19930101
n_pos_lookups: 0
n_tuples: 76285466

real	0m0.277s
user	0m0.219s
sys	0m0.017s
19940101
n_pos_lookups: 0
n_tuples: 167308139

real	0m0.534s
user	0m0.487s
sys	0m0.017s
19950101
n_pos_lookups: 0
n_tuples: 258338240

real	0m0.809s
user	0m0.756s
sys	0m0.020s
19960101
n_pos_lookups: 0
n_tuples: 349365492

real	0m1.085s
user	0m1.019s
sys	0m0.019s
19970101
n_pos_lookups: 0
n_tuples: 440638729

real	0m1.338s
user	0m1.283s
sys	0m0.019s
19981231
n_pos_lookups: 0
n_tuples: 600037902

real	0m1.792s
user	0m1.735s
sys	0m0.027s
